TN:
SF:/home/travis/build/Zevere/Chatbot-Calista/src/borzoo/client.js
FN:15,(anonymous_0)
FN:20,(anonymous_1)
FN:36,(anonymous_2)
FN:55,(anonymous_3)
FNF:4
FNH:2
FNDA:2,(anonymous_0)
FNDA:1,(anonymous_1)
FNDA:0,(anonymous_2)
FNDA:0,(anonymous_3)
DA:16,2
DA:21,1
DA:27,1
DA:30,1
DA:37,0
DA:44,0
DA:49,0
DA:56,0
LF:8
LH:4
BRF:0
BRH:0
end_of_record
TN:
SF:/home/travis/build/Zevere/Chatbot-Calista/src/borzoo/list-input.model.js
FNF:0
FNH:0
LF:0
LH:0
BRF:0
BRH:0
end_of_record
TN:
SF:/home/travis/build/Zevere/Chatbot-Calista/src/borzoo/login-input.model.js
FNF:0
FNH:0
LF:0
LH:0
BRF:0
BRH:0
end_of_record
TN:
SF:/home/travis/build/Zevere/Chatbot-Calista/src/borzoo/task-input.model.js
FNF:0
FNH:0
LF:0
LH:0
BRF:0
BRH:0
end_of_record
TN:
SF:/home/travis/build/Zevere/Chatbot-Calista/src/config/axios.js
FN:3,axiosForVivid
FN:16,axiosForBorzoo
FNF:2
FNH:1
FNDA:0,axiosForVivid
FNDA:2,axiosForBorzoo
DA:4,0
DA:7,0
DA:12,0
DA:13,0
DA:17,2
DA:21,2
DA:22,2
LF:7
LH:3
BRF:0
BRH:0
end_of_record
