TN:
SF:/home/travis/build/Zevere/Chatbot-Calista/src/borzoo/client.js
FN:25,(anonymous_0)
FN:39,(anonymous_1)
FN:59,(anonymous_2)
FN:82,(anonymous_3)
FN:100,(anonymous_4)
FN:104,(anonymous_5)
FN:108,(anonymous_6)
FNF:7
FNH:2
FNDA:2,(anonymous_0)
FNDA:1,(anonymous_1)
FNDA:0,(anonymous_2)
FNDA:0,(anonymous_3)
FNDA:0,(anonymous_4)
FNDA:0,(anonymous_5)
FNDA:0,(anonymous_6)
DA:26,2
DA:40,1
DA:46,1
DA:49,1
DA:54,0
DA:55,0
DA:56,0
DA:60,0
DA:67,0
DA:70,0
DA:71,0
DA:72,0
DA:83,0
DA:92,0
DA:95,0
DA:96,0
DA:97,0
DA:101,0
DA:105,0
DA:109,0
LF:20
LH:4
BRF:0
BRH:0
end_of_record
TN:
SF:/home/travis/build/Zevere/Chatbot-Calista/src/borzoo/graphql-response.model.js
FNF:0
FNH:0
LF:0
LH:0
BRF:0
BRH:0
end_of_record
TN:
SF:/home/travis/build/Zevere/Chatbot-Calista/src/borzoo/list-input.model.js
FNF:0
FNH:0
LF:0
LH:0
BRF:0
BRH:0
end_of_record
TN:
SF:/home/travis/build/Zevere/Chatbot-Calista/src/borzoo/list.model.js
FNF:0
FNH:0
LF:0
LH:0
BRF:0
BRH:0
end_of_record
TN:
SF:/home/travis/build/Zevere/Chatbot-Calista/src/borzoo/login-input.model.js
FNF:0
FNH:0
LF:0
LH:0
BRF:0
BRH:0
end_of_record
TN:
SF:/home/travis/build/Zevere/Chatbot-Calista/src/borzoo/task-input.model.js
FNF:0
FNH:0
LF:0
LH:0
BRF:0
BRH:0
end_of_record
TN:
SF:/home/travis/build/Zevere/Chatbot-Calista/src/borzoo/task.model.js
FNF:0
FNH:0
LF:0
LH:0
BRF:0
BRH:0
end_of_record
TN:
SF:/home/travis/build/Zevere/Chatbot-Calista/src/config/axios.js
FN:3,axiosForVivid
FN:16,axiosForBorzoo
FNF:2
FNH:1
FNDA:0,axiosForVivid
FNDA:2,axiosForBorzoo
DA:4,0
DA:7,0
DA:12,0
DA:13,0
DA:17,2
DA:21,2
DA:22,2
LF:7
LH:3
BRF:0
BRH:0
end_of_record
TN:
SF:/home/travis/build/Zevere/Chatbot-Calista/src/logging/app.logger.js
FN:10,resolveLogLevel
FNF:1
FNH:1
FNDA:1,resolveLogLevel
DA:8,1
DA:11,1
DA:12,0
DA:15,1
DA:18,1
DA:20,1
DA:28,1
DA:39,1
DA:50,1
LF:9
LH:8
BRDA:11,0,0,0
BRDA:11,0,1,1
BRF:2
BRH:1
end_of_record
TN:
SF:/home/travis/build/Zevere/Chatbot-Calista/src/logging/format.js
FN:10,prettyJson
FN:24,inspect
FNF:2
FNH:0
FNDA:0,prettyJson
FNDA:0,inspect
DA:11,0
DA:25,0
LF:2
LH:0
BRF:0
BRH:0
end_of_record
TN:
SF:/home/travis/build/Zevere/Chatbot-Calista/src/logging/path-resolver.js
FN:10,resolveLogDirectory
FNF:1
FNH:1
FNDA:1,resolveLogDirectory
DA:12,1
DA:13,0
DA:22,1
DA:23,0
DA:26,1
LF:5
LH:3
BRDA:12,0,0,0
BRDA:12,0,1,1
BRDA:22,1,0,0
BRDA:22,1,1,1
BRF:4
BRH:2
end_of_record
